Analysis & Synthesis report for ProjectMid
Wed Apr 02 14:33:26 2014
Quartus II Version 9.1 Build 350 03/24/2010 Service Pack 2 SJ Full Version


---------------------
; Table of Contents ;
---------------------
  1. Legal Notice
  2. Analysis & Synthesis Summary
  3. Analysis & Synthesis Settings
  4. Parallel Compilation
  5. Analysis & Synthesis Source Files Read
  6. Analysis & Synthesis Resource Usage Summary
  7. Analysis & Synthesis Resource Utilization by Entity
  8. General Register Statistics
  9. Parameter Settings for User Entity Instance: alu:inst|newmux:inst2|lpm_mux:lpm_mux_component
 10. Parameter Settings for User Entity Instance: alu:inst|newmux:inst1|lpm_mux:lpm_mux_component
 11. Parameter Settings for User Entity Instance: alu:inst|16bitMux4to1:inst10|lpm_mux:lpm_mux_component
 12. Parameter Settings for User Entity Instance: 2to1_16mux:MUXB|lpm_mux:lpm_mux_component
 13. Parameter Settings for User Entity Instance: registers:inst1|const1:ONE|lpm_constant:lpm_constant_component
 14. Parameter Settings for User Entity Instance: registers:inst1|ConstantZero:inst43|lpm_constant:lpm_constant_component
 15. Parameter Settings for User Entity Instance: 3to1_16mux:MUXY|lpm_mux:lpm_mux_component
 16. Analysis & Synthesis Messages



----------------
; Legal Notice ;
----------------
Copyright (C) 1991-2010 Altera Corporation
Your use of Altera Corporation's design tools, logic functions 
and other software and tools, and its AMPP partner logic 
functions, and any output files from any of the foregoing 
(including device programming or simulation files), and any 
associated documentation or information are expressly subject 
to the terms and conditions of the Altera Program License 
Subscription Agreement, Altera MegaCore Function License 
Agreement, or other applicable license agreement, including, 
without limitation, that your use is for the sole purpose of 
programming logic devices manufactured by Altera and sold by 
Altera or its authorized distributors.  Please refer to the 
applicable agreement for further details.



+------------------------------------------------------------------------------------+
; Analysis & Synthesis Summary                                                       ;
+------------------------------------+-----------------------------------------------+
; Analysis & Synthesis Status        ; Successful - Wed Apr 02 14:33:26 2014         ;
; Quartus II Version                 ; 9.1 Build 350 03/24/2010 SP 2 SJ Full Version ;
; Revision Name                      ; ProjectMid                                    ;
; Top-level Entity Name              ; ProjectMid                                    ;
; Family                             ; Cyclone II                                    ;
; Total logic elements               ; 0                                             ;
;     Total combinational functions  ; 0                                             ;
;     Dedicated logic registers      ; 0                                             ;
; Total registers                    ; 0                                             ;
; Total pins                         ; 2                                             ;
; Total virtual pins                 ; 0                                             ;
; Total memory bits                  ; 0                                             ;
; Embedded Multiplier 9-bit elements ; 0                                             ;
; Total PLLs                         ; 0                                             ;
+------------------------------------+-----------------------------------------------+


+----------------------------------------------------------------------------------------------------------------------+
; Analysis & Synthesis Settings                                                                                        ;
+----------------------------------------------------------------------------+--------------------+--------------------+
; Option                                                                     ; Setting            ; Default Value      ;
+----------------------------------------------------------------------------+--------------------+--------------------+
; Device                                                                     ; EP2C20F484C7       ;                    ;
; Top-level entity name                                                      ; ProjectMid         ; ProjectMid         ;
; Family name                                                                ; Cyclone II         ; Stratix II         ;
; Type of Retiming Performed During Resynthesis                              ; Full               ;                    ;
; Resynthesis Optimization Effort                                            ; Normal             ;                    ;
; Physical Synthesis Level for Resynthesis                                   ; Normal             ;                    ;
; Use Generated Physical Constraints File                                    ; On                 ;                    ;
; Use smart compilation                                                      ; Off                ; Off                ;
; Enable parallel Assembler and TimeQuest Timing Analyzer during compilation ; On                 ; On                 ;
; Enable compact report table                                                ; Off                ; Off                ;
; Restructure Multiplexers                                                   ; Auto               ; Auto               ;
; Create Debugging Nodes for IP Cores                                        ; Off                ; Off                ;
; Preserve fewer node names                                                  ; On                 ; On                 ;
; Disable OpenCore Plus hardware evaluation                                  ; Off                ; Off                ;
; Verilog Version                                                            ; Verilog_2001       ; Verilog_2001       ;
; VHDL Version                                                               ; VHDL_1993          ; VHDL_1993          ;
; State Machine Processing                                                   ; Auto               ; Auto               ;
; Safe State Machine                                                         ; Off                ; Off                ;
; Extract Verilog State Machines                                             ; On                 ; On                 ;
; Extract VHDL State Machines                                                ; On                 ; On                 ;
; Ignore Verilog initial constructs                                          ; Off                ; Off                ;
; Iteration limit for constant Verilog loops                                 ; 5000               ; 5000               ;
; Iteration limit for non-constant Verilog loops                             ; 250                ; 250                ;
; Add Pass-Through Logic to Inferred RAMs                                    ; On                 ; On                 ;
; Parallel Synthesis                                                         ; On                 ; On                 ;
; DSP Block Balancing                                                        ; Auto               ; Auto               ;
; NOT Gate Push-Back                                                         ; On                 ; On                 ;
; Power-Up Don't Care                                                        ; On                 ; On                 ;
; Remove Redundant Logic Cells                                               ; Off                ; Off                ;
; Remove Duplicate Registers                                                 ; On                 ; On                 ;
; Ignore CARRY Buffers                                                       ; Off                ; Off                ;
; Ignore CASCADE Buffers                                                     ; Off                ; Off                ;
; Ignore GLOBAL Buffers                                                      ; Off                ; Off                ;
; Ignore ROW GLOBAL Buffers                                                  ; Off                ; Off                ;
; Ignore LCELL Buffers                                                       ; Off                ; Off                ;
; Ignore SOFT Buffers                                                        ; On                 ; On                 ;
; Limit AHDL Integers to 32 Bits                                             ; Off                ; Off                ;
; Optimization Technique                                                     ; Balanced           ; Balanced           ;
; Carry Chain Length                                                         ; 70                 ; 70                 ;
; Auto Carry Chains                                                          ; On                 ; On                 ;
; Auto Open-Drain Pins                                                       ; On                 ; On                 ;
; Perform WYSIWYG Primitive Resynthesis                                      ; Off                ; Off                ;
; Auto ROM Replacement                                                       ; On                 ; On                 ;
; Auto RAM Replacement                                                       ; On                 ; On                 ;
; Auto Shift Register Replacement                                            ; Auto               ; Auto               ;
; Auto Clock Enable Replacement                                              ; On                 ; On                 ;
; Strict RAM Replacement                                                     ; Off                ; Off                ;
; Allow Synchronous Control Signals                                          ; On                 ; On                 ;
; Force Use of Synchronous Clear Signals                                     ; Off                ; Off                ;
; Auto RAM to Logic Cell Conversion                                          ; Off                ; Off                ;
; Auto Resource Sharing                                                      ; Off                ; Off                ;
; Allow Any RAM Size For Recognition                                         ; Off                ; Off                ;
; Allow Any ROM Size For Recognition                                         ; Off                ; Off                ;
; Allow Any Shift Register Size For Recognition                              ; Off                ; Off                ;
; Use LogicLock Constraints during Resource Balancing                        ; On                 ; On                 ;
; Ignore translate_off and synthesis_off directives                          ; Off                ; Off                ;
; Timing-Driven Synthesis                                                    ; Off                ; Off                ;
; Show Parameter Settings Tables in Synthesis Report                         ; On                 ; On                 ;
; Ignore Maximum Fan-Out Assignments                                         ; Off                ; Off                ;
; Synchronization Register Chain Length                                      ; 2                  ; 2                  ;
; PowerPlay Power Optimization                                               ; Normal compilation ; Normal compilation ;
; HDL message level                                                          ; Level2             ; Level2             ;
; Suppress Register Optimization Related Messages                            ; Off                ; Off                ;
; Number of Removed Registers Reported in Synthesis Report                   ; 5000               ; 5000               ;
; Number of Inverted Registers Reported in Synthesis Report                  ; 100                ; 100                ;
; Clock MUX Protection                                                       ; On                 ; On                 ;
; Auto Gated Clock Conversion                                                ; Off                ; Off                ;
; Block Design Naming                                                        ; Auto               ; Auto               ;
; SDC constraint protection                                                  ; Off                ; Off                ;
; Synthesis Effort                                                           ; Auto               ; Auto               ;
; Shift Register Replacement - Allow Asynchronous Clear Signal               ; On                 ; On                 ;
; Analysis & Synthesis Message Level                                         ; Medium             ; Medium             ;
; Disable Register Merging Across Hierarchies                                ; Auto               ; Auto               ;
; Resource Aware Inference For Block RAM                                     ; On                 ; On                 ;
+----------------------------------------------------------------------------+--------------------+--------------------+


+------------------------------------------+
; Parallel Compilation                     ;
+----------------------------+-------------+
; Processors                 ; Number      ;
+----------------------------+-------------+
; Number detected on machine ; 2           ;
; Maximum allowed            ; 2           ;
;                            ;             ;
; Average used               ; 1.00        ;
; Maximum used               ; 1           ;
;                            ;             ;
; Usage by Processor         ; % Time Used ;
;     1 processor            ; 100.0%      ;
;     2 processors           ;   0.0%      ;
+----------------------------+-------------+


+---------------------------------------------------------------------------------------------------------------------------------------------------------------+
; Analysis & Synthesis Source Files Read                                                                                                                        ;
+----------------------------------+-----------------+------------------------------------------+---------------------------------------------------------------+
; File Name with User-Entered Path ; Used in Netlist ; File Type                                ; File Name with Absolute Path                                  ;
+----------------------------------+-----------------+------------------------------------------+---------------------------------------------------------------+
; ProjectMid.bdf                   ; yes             ; User Block Diagram/Schematic File        ; C:/Temp/230/anotherDamnProject/ProjectMid.bdf                 ;
; alu.bdf                          ; yes             ; Auto-Found Block Diagram/Schematic File  ; C:/Temp/230/anotherDamnProject/alu.bdf                        ;
; 16bitfulladder.bdf               ; yes             ; Auto-Found Block Diagram/Schematic File  ; C:/Temp/230/anotherDamnProject/16bitfulladder.bdf             ;
; block1.bdf                       ; yes             ; Auto-Found Block Diagram/Schematic File  ; C:/Temp/230/anotherDamnProject/block1.bdf                     ;
; 4bitfulladder.bdf                ; yes             ; Auto-Found Block Diagram/Schematic File  ; C:/Temp/230/anotherDamnProject/4bitfulladder.bdf              ;
; newmux.tdf                       ; yes             ; Auto-Found Wizard-Generated File         ; C:/Temp/230/anotherDamnProject/newmux.tdf                     ;
; lpm_mux.inc                      ; yes             ; Auto-Found AHDL File                     ; c:/altera/91/quartus/libraries/megafunctions/lpm_mux.inc      ;
; lpm_mux.tdf                      ; yes             ; Megafunction                             ; c:/altera/91/quartus/libraries/megafunctions/lpm_mux.tdf      ;
; db/mux_boc.tdf                   ; yes             ; Auto-Generated Megafunction              ; C:/Temp/230/anotherDamnProject/db/mux_boc.tdf                 ;
; not16.vhd                        ; yes             ; Auto-Found VHDL File                     ; C:/Temp/230/anotherDamnProject/not16.vhd                      ;
; 16bitmux4to1.tdf                 ; yes             ; Auto-Found Wizard-Generated File         ; C:/Temp/230/anotherDamnProject/16bitmux4to1.tdf               ;
; db/mux_eoc.tdf                   ; yes             ; Auto-Generated Megafunction              ; C:/Temp/230/anotherDamnProject/db/mux_eoc.tdf                 ;
; and16.vhd                        ; yes             ; Auto-Found VHDL File                     ; C:/Temp/230/anotherDamnProject/and16.vhd                      ;
; or16.vhd                         ; yes             ; Auto-Found VHDL File                     ; C:/Temp/230/anotherDamnProject/or16.vhd                       ;
; xor16.vhd                        ; yes             ; Auto-Found VHDL File                     ; C:/Temp/230/anotherDamnProject/xor16.vhd                      ;
; controlunit.vhd                  ; yes             ; Auto-Found VHDL File                     ; C:/Temp/230/anotherDamnProject/controlunit.vhd                ;
; reg4.vhd                         ; yes             ; Auto-Found VHDL File                     ; C:/Temp/230/anotherDamnProject/reg4.vhd                       ;
; reg24.vhd                        ; yes             ; Auto-Found VHDL File                     ; C:/Temp/230/anotherDamnProject/reg24.vhd                      ;
; 2to1_16mux.tdf                   ; yes             ; Auto-Found Wizard-Generated File         ; C:/Temp/230/anotherDamnProject/2to1_16mux.tdf                 ;
; reg16.vhd                        ; yes             ; Auto-Found VHDL File                     ; C:/Temp/230/anotherDamnProject/reg16.vhd                      ;
; registers.bdf                    ; yes             ; Auto-Found Block Diagram/Schematic File  ; C:/Temp/230/anotherDamnProject/registers.bdf                  ;
; const1.tdf                       ; yes             ; Auto-Found Wizard-Generated File         ; C:/Temp/230/anotherDamnProject/const1.tdf                     ;
; lpm_constant.inc                 ; yes             ; Auto-Found AHDL File                     ; c:/altera/91/quartus/libraries/megafunctions/lpm_constant.inc ;
; lpm_constant.tdf                 ; yes             ; Megafunction                             ; c:/altera/91/quartus/libraries/megafunctions/lpm_constant.tdf ;
; mux16.vhd                        ; yes             ; Auto-Found VHDL File                     ; C:/Temp/230/anotherDamnProject/mux16.vhd                      ;
; decoder16.vhd                    ; yes             ; Auto-Found VHDL File                     ; C:/Temp/230/anotherDamnProject/decoder16.vhd                  ;
; constantzero.tdf                 ; yes             ; Auto-Found Wizard-Generated File         ; C:/Temp/230/anotherDamnProject/constantzero.tdf               ;
; 3to1_16mux.tdf                   ; yes             ; Auto-Found Wizard-Generated File         ; C:/Temp/230/anotherDamnProject/3to1_16mux.tdf                 ;
; db/mux_doc.tdf                   ; yes             ; Auto-Generated Megafunction              ; C:/Temp/230/anotherDamnProject/db/mux_doc.tdf                 ;
; immediate.vhd                    ; yes             ; Auto-Found VHDL File                     ; C:/Temp/230/anotherDamnProject/immediate.vhd                  ;
+----------------------------------+-----------------+------------------------------------------+---------------------------------------------------------------+


+-----------------------------------------------------+
; Analysis & Synthesis Resource Usage Summary         ;
+---------------------------------------------+-------+
; Resource                                    ; Usage ;
+---------------------------------------------+-------+
;                                             ;       ;
; Total combinational functions               ; 0     ;
; Logic element usage by number of LUT inputs ;       ;
;     -- 4 input functions                    ; 0     ;
;     -- 3 input functions                    ; 0     ;
;     -- <=2 input functions                  ; 0     ;
;                                             ;       ;
; Logic elements by mode                      ;       ;
;     -- normal mode                          ; 0     ;
;     -- arithmetic mode                      ; 0     ;
;                                             ;       ;
; Total registers                             ; 0     ;
;     -- Dedicated logic registers            ; 0     ;
;     -- I/O registers                        ; 0     ;
;                                             ;       ;
; I/O pins                                    ; 2     ;
+---------------------------------------------+-------+


+-----------------------------------------------------------------------------------------------------------------------------------------------------------------------------+
; Analysis & Synthesis Resource Utilization by Entity                                                                                                                         ;
+----------------------------+-------------------+--------------+-------------+--------------+---------+-----------+------+--------------+---------------------+--------------+
; Compilation Hierarchy Node ; LC Combinationals ; LC Registers ; Memory Bits ; DSP Elements ; DSP 9x9 ; DSP 18x18 ; Pins ; Virtual Pins ; Full Hierarchy Name ; Library Name ;
+----------------------------+-------------------+--------------+-------------+--------------+---------+-----------+------+--------------+---------------------+--------------+
; |ProjectMid                ; 0 (0)             ; 0 (0)        ; 0           ; 0            ; 0       ; 0         ; 2    ; 0            ; |ProjectMid         ; work         ;
+----------------------------+-------------------+--------------+-------------+--------------+---------+-----------+------+--------------+---------------------+--------------+
Note: For table entries with two numbers listed, the numbers in parentheses indicate the number of resources of the given type used by the specific entity alone. The numbers listed outside of parentheses indicate the total resources of the given type used by the specific entity and all of its sub-entities in the hierarchy.


+------------------------------------------------------+
; General Register Statistics                          ;
+----------------------------------------------+-------+
; Statistic                                    ; Value ;
+----------------------------------------------+-------+
; Total registers                              ; 0     ;
; Number of registers using Synchronous Clear  ; 0     ;
; Number of registers using Synchronous Load   ; 0     ;
; Number of registers using Asynchronous Clear ; 0     ;
; Number of registers using Asynchronous Load  ; 0     ;
; Number of registers using Clock Enable       ; 0     ;
; Number of registers using Preset             ; 0     ;
+----------------------------------------------+-------+


+----------------------------------------------------------------------------------------------+
; Parameter Settings for User Entity Instance: alu:inst|newmux:inst2|lpm_mux:lpm_mux_component ;
+------------------------+------------+--------------------------------------------------------+
; Parameter Name         ; Value      ; Type                                                   ;
+------------------------+------------+--------------------------------------------------------+
; AUTO_CARRY_CHAINS      ; ON         ; AUTO_CARRY                                             ;
; IGNORE_CARRY_BUFFERS   ; OFF        ; IGNORE_CARRY                                           ;
; AUTO_CASCADE_CHAINS    ; ON         ; AUTO_CASCADE                                           ;
; IGNORE_CASCADE_BUFFERS ; OFF        ; IGNORE_CASCADE                                         ;
; LPM_WIDTH              ; 16         ; Untyped                                                ;
; LPM_SIZE               ; 2          ; Untyped                                                ;
; LPM_WIDTHS             ; 1          ; Untyped                                                ;
; LPM_PIPELINE           ; 0          ; Untyped                                                ;
; CBXI_PARAMETER         ; mux_boc    ; Untyped                                                ;
; DEVICE_FAMILY          ; Cyclone II ; Untyped                                                ;
+------------------------+------------+--------------------------------------------------------+
Note: In order to hide this table in the UI and the text report file, please set the "Show Parameter Settings Tables in Synthesis Report" option in "Analysis and Synthesis Settings -> More Settings" to "Off".


+----------------------------------------------------------------------------------------------+
; Parameter Settings for User Entity Instance: alu:inst|newmux:inst1|lpm_mux:lpm_mux_component ;
+------------------------+------------+--------------------------------------------------------+
; Parameter Name         ; Value      ; Type                                                   ;
+------------------------+------------+--------------------------------------------------------+
; AUTO_CARRY_CHAINS      ; ON         ; AUTO_CARRY                                             ;
; IGNORE_CARRY_BUFFERS   ; OFF        ; IGNORE_CARRY                                           ;
; AUTO_CASCADE_CHAINS    ; ON         ; AUTO_CASCADE                                           ;
; IGNORE_CASCADE_BUFFERS ; OFF        ; IGNORE_CASCADE                                         ;
; LPM_WIDTH              ; 16         ; Untyped                                                ;
; LPM_SIZE               ; 2          ; Untyped                                                ;
; LPM_WIDTHS             ; 1          ; Untyped                                                ;
; LPM_PIPELINE           ; 0          ; Untyped                                                ;
; CBXI_PARAMETER         ; mux_boc    ; Untyped                                                ;
; DEVICE_FAMILY          ; Cyclone II ; Untyped                                                ;
+------------------------+------------+--------------------------------------------------------+
Note: In order to hide this table in the UI and the text report file, please set the "Show Parameter Settings Tables in Synthesis Report" option in "Analysis and Synthesis Settings -> More Settings" to "Off".


+-----------------------------------------------------------------------------------------------------+
; Parameter Settings for User Entity Instance: alu:inst|16bitMux4to1:inst10|lpm_mux:lpm_mux_component ;
+------------------------+------------+---------------------------------------------------------------+
; Parameter Name         ; Value      ; Type                                                          ;
+------------------------+------------+---------------------------------------------------------------+
; AUTO_CARRY_CHAINS      ; ON         ; AUTO_CARRY                                                    ;
; IGNORE_CARRY_BUFFERS   ; OFF        ; IGNORE_CARRY                                                  ;
; AUTO_CASCADE_CHAINS    ; ON         ; AUTO_CASCADE                                                  ;
; IGNORE_CASCADE_BUFFERS ; OFF        ; IGNORE_CASCADE                                                ;
; LPM_WIDTH              ; 16         ; Untyped                                                       ;
; LPM_SIZE               ; 4          ; Untyped                                                       ;
; LPM_WIDTHS             ; 2          ; Untyped                                                       ;
; LPM_PIPELINE           ; 0          ; Untyped                                                       ;
; CBXI_PARAMETER         ; mux_eoc    ; Untyped                                                       ;
; DEVICE_FAMILY          ; Cyclone II ; Untyped                                                       ;
+------------------------+------------+---------------------------------------------------------------+
Note: In order to hide this table in the UI and the text report file, please set the "Show Parameter Settings Tables in Synthesis Report" option in "Analysis and Synthesis Settings -> More Settings" to "Off".


+----------------------------------------------------------------------------------------+
; Parameter Settings for User Entity Instance: 2to1_16mux:MUXB|lpm_mux:lpm_mux_component ;
+------------------------+------------+--------------------------------------------------+
; Parameter Name         ; Value      ; Type                                             ;
+------------------------+------------+--------------------------------------------------+
; AUTO_CARRY_CHAINS      ; ON         ; AUTO_CARRY                                       ;
; IGNORE_CARRY_BUFFERS   ; OFF        ; IGNORE_CARRY                                     ;
; AUTO_CASCADE_CHAINS    ; ON         ; AUTO_CASCADE                                     ;
; IGNORE_CASCADE_BUFFERS ; OFF        ; IGNORE_CASCADE                                   ;
; LPM_WIDTH              ; 16         ; Untyped                                          ;
; LPM_SIZE               ; 2          ; Untyped                                          ;
; LPM_WIDTHS             ; 1          ; Untyped                                          ;
; LPM_PIPELINE           ; 0          ; Untyped                                          ;
; CBXI_PARAMETER         ; mux_boc    ; Untyped                                          ;
; DEVICE_FAMILY          ; Cyclone II ; Untyped                                          ;
+------------------------+------------+--------------------------------------------------+
Note: In order to hide this table in the UI and the text report file, please set the "Show Parameter Settings Tables in Synthesis Report" option in "Analysis and Synthesis Settings -> More Settings" to "Off".


+-------------------------------------------------------------------------------------------------------------+
; Parameter Settings for User Entity Instance: registers:inst1|const1:ONE|lpm_constant:lpm_constant_component ;
+--------------------+------------------+---------------------------------------------------------------------+
; Parameter Name     ; Value            ; Type                                                                ;
+--------------------+------------------+---------------------------------------------------------------------+
; LPM_WIDTH          ; 16               ; Untyped                                                             ;
; LPM_CVALUE         ; 1                ; Untyped                                                             ;
; ENABLE_RUNTIME_MOD ; NO               ; Untyped                                                             ;
; CBXI_PARAMETER     ; lpm_constant_ak6 ; Untyped                                                             ;
+--------------------+------------------+---------------------------------------------------------------------+
Note: In order to hide this table in the UI and the text report file, please set the "Show Parameter Settings Tables in Synthesis Report" option in "Analysis and Synthesis Settings -> More Settings" to "Off".


+----------------------------------------------------------------------------------------------------------------------+
; Parameter Settings for User Entity Instance: registers:inst1|ConstantZero:inst43|lpm_constant:lpm_constant_component ;
+--------------------+------------------+------------------------------------------------------------------------------+
; Parameter Name     ; Value            ; Type                                                                         ;
+--------------------+------------------+------------------------------------------------------------------------------+
; LPM_WIDTH          ; 16               ; Untyped                                                                      ;
; LPM_CVALUE         ; 0                ; Untyped                                                                      ;
; ENABLE_RUNTIME_MOD ; NO               ; Untyped                                                                      ;
; CBXI_PARAMETER     ; lpm_constant_9k6 ; Untyped                                                                      ;
+--------------------+------------------+------------------------------------------------------------------------------+
Note: In order to hide this table in the UI and the text report file, please set the "Show Parameter Settings Tables in Synthesis Report" option in "Analysis and Synthesis Settings -> More Settings" to "Off".


+----------------------------------------------------------------------------------------+
; Parameter Settings for User Entity Instance: 3to1_16mux:MUXY|lpm_mux:lpm_mux_component ;
+------------------------+------------+--------------------------------------------------+
; Parameter Name         ; Value      ; Type                                             ;
+------------------------+------------+--------------------------------------------------+
; AUTO_CARRY_CHAINS      ; ON         ; AUTO_CARRY                                       ;
; IGNORE_CARRY_BUFFERS   ; OFF        ; IGNORE_CARRY                                     ;
; AUTO_CASCADE_CHAINS    ; ON         ; AUTO_CASCADE                                     ;
; IGNORE_CASCADE_BUFFERS ; OFF        ; IGNORE_CASCADE                                   ;
; LPM_WIDTH              ; 16         ; Untyped                                          ;
; LPM_SIZE               ; 3          ; Untyped                                          ;
; LPM_WIDTHS             ; 2          ; Untyped                                          ;
; LPM_PIPELINE           ; 0          ; Untyped                                          ;
; CBXI_PARAMETER         ; mux_doc    ; Untyped                                          ;
; DEVICE_FAMILY          ; Cyclone II ; Untyped                                          ;
+------------------------+------------+--------------------------------------------------+
Note: In order to hide this table in the UI and the text report file, please set the "Show Parameter Settings Tables in Synthesis Report" option in "Analysis and Synthesis Settings -> More Settings" to "Off".


+-------------------------------+
; Analysis & Synthesis Messages ;
+-------------------------------+
Info: *******************************************************************
Info: Running Quartus II Analysis & Synthesis
    Info: Version 9.1 Build 350 03/24/2010 Service Pack 2 SJ Full Version
    Info: Processing started: Wed Apr 02 14:33:24 2014
Info: Command: quartus_map --read_settings_files=on --write_settings_files=off ProjectMid -c ProjectMid
Info: Parallel compilation is enabled and will use 2 of the 2 processors detected
Info: Found 1 design units, including 1 entities, in source file projectmid.bdf
    Info: Found entity 1: ProjectMid
Info: Elaborating entity "ProjectMid" for the top level hierarchy
Warning: Using design file alu.bdf, which is not specified as a design file for the current project, but contains definitions for 1 design units and 1 entities in project
    Info: Found entity 1: alu
Info: Elaborating entity "alu" for hierarchy "alu:inst"
Warning: Using design file 16bitfulladder.bdf, which is not specified as a design file for the current project, but contains definitions for 1 design units and 1 entities in project
    Info: Found entity 1: 16bitfulladder
Info: Elaborating entity "16BitFullAdder" for hierarchy "alu:inst|16BitFullAdder:inst"
Warning: No superset bus at connection
Warning: No superset bus at connection
Warning: Using design file block1.bdf, which is not specified as a design file for the current project, but contains definitions for 1 design units and 1 entities in project
    Info: Found entity 1: block1
Info: Elaborating entity "Block1" for hierarchy "alu:inst|16BitFullAdder:inst|Block1:inst6"
Warning: Using design file 4bitfulladder.bdf, which is not specified as a design file for the current project, but contains definitions for 1 design units and 1 entities in project
    Info: Found entity 1: 4bitfulladder
Info: Elaborating entity "4BitFullAdder" for hierarchy "alu:inst|16BitFullAdder:inst|4BitFullAdder:inst2"
Warning: No superset bus at connection
Warning: Using design file newmux.tdf, which is not specified as a design file for the current project, but contains definitions for 1 design units and 1 entities in project
    Info: Found entity 1: newmux
Info: Elaborating entity "newmux" for hierarchy "alu:inst|newmux:inst2"
Info: Elaborating entity "lpm_mux" for hierarchy "alu:inst|newmux:inst2|lpm_mux:lpm_mux_component"
Info: Elaborated megafunction instantiation "alu:inst|newmux:inst2|lpm_mux:lpm_mux_component"
Info: Instantiated megafunction "alu:inst|newmux:inst2|lpm_mux:lpm_mux_component" with the following parameter:
    Info: Parameter "LPM_TYPE" = "LPM_MUX"
    Info: Parameter "LPM_WIDTH" = "16"
    Info: Parameter "LPM_SIZE" = "2"
    Info: Parameter "LPM_WIDTHS" = "1"
Info: Found 1 design units, including 1 entities, in source file db/mux_boc.tdf
    Info: Found entity 1: mux_boc
Info: Elaborating entity "mux_boc" for hierarchy "alu:inst|newmux:inst2|lpm_mux:lpm_mux_component|mux_boc:auto_generated"
Warning: Using design file not16.vhd, which is not specified as a design file for the current project, but contains definitions for 2 design units and 1 entities in project
    Info: Found design unit 1: not16-behavior
    Info: Found entity 1: not16
Info: Elaborating entity "not16" for hierarchy "alu:inst|not16:inst3"
Warning: Using design file 16bitmux4to1.tdf, which is not specified as a design file for the current project, but contains definitions for 1 design units and 1 entities in project
    Info: Found entity 1: 16bitMux4to1
Info: Elaborating entity "16bitMux4to1" for hierarchy "alu:inst|16bitMux4to1:inst10"
Info: Elaborating entity "lpm_mux" for hierarchy "alu:inst|16bitMux4to1:inst10|lpm_mux:lpm_mux_component"
Info: Elaborated megafunction instantiation "alu:inst|16bitMux4to1:inst10|lpm_mux:lpm_mux_component"
Info: Instantiated megafunction "alu:inst|16bitMux4to1:inst10|lpm_mux:lpm_mux_component" with the following parameter:
    Info: Parameter "LPM_TYPE" = "LPM_MUX"
    Info: Parameter "LPM_WIDTH" = "16"
    Info: Parameter "LPM_SIZE" = "4"
    Info: Parameter "LPM_WIDTHS" = "2"
Info: Found 1 design units, including 1 entities, in source file db/mux_eoc.tdf
    Info: Found entity 1: mux_eoc
Info: Elaborating entity "mux_eoc" for hierarchy "alu:inst|16bitMux4to1:inst10|lpm_mux:lpm_mux_component|mux_eoc:auto_generated"
Warning: Using design file and16.vhd, which is not specified as a design file for the current project, but contains definitions for 2 design units and 1 entities in project
    Info: Found design unit 1: and16-behavior
    Info: Found entity 1: and16
Info: Elaborating entity "and16" for hierarchy "alu:inst|and16:inst14"
Warning: Using design file or16.vhd, which is not specified as a design file for the current project, but contains definitions for 2 design units and 1 entities in project
    Info: Found design unit 1: or16-behavior
    Info: Found entity 1: or16
Info: Elaborating entity "or16" for hierarchy "alu:inst|or16:inst12"
Warning: Using design file xor16.vhd, which is not specified as a design file for the current project, but contains definitions for 2 design units and 1 entities in project
    Info: Found design unit 1: xor16-behavior
    Info: Found entity 1: xor16
Info: Elaborating entity "xor16" for hierarchy "alu:inst|xor16:inst13"
Warning: Using design file controlunit.vhd, which is not specified as a design file for the current project, but contains definitions for 2 design units and 1 entities in project
    Info: Found design unit 1: controlUnit-behavior
    Info: Found entity 1: controlUnit
Info: Elaborating entity "controlUnit" for hierarchy "controlUnit:inst2"
Warning: Using design file reg4.vhd, which is not specified as a design file for the current project, but contains definitions for 2 design units and 1 entities in project
    Info: Found design unit 1: Reg4-behavior
    Info: Found entity 1: Reg4
Info: Elaborating entity "Reg4" for hierarchy "Reg4:PS_the_gate"
Warning: Using design file reg24.vhd, which is not specified as a design file for the current project, but contains definitions for 2 design units and 1 entities in project
    Info: Found design unit 1: Reg24-behavior
    Info: Found entity 1: Reg24
Info: Elaborating entity "Reg24" for hierarchy "Reg24:Instruction_Register"
Warning: Using design file 2to1_16mux.tdf, which is not specified as a design file for the current project, but contains definitions for 1 design units and 1 entities in project
    Info: Found entity 1: 2to1_16mux
Info: Elaborating entity "2to1_16mux" for hierarchy "2to1_16mux:MUXB"
Warning: Using design file reg16.vhd, which is not specified as a design file for the current project, but contains definitions for 2 design units and 1 entities in project
    Info: Found design unit 1: reg16-behavior
    Info: Found entity 1: reg16
Info: Elaborating entity "Reg16" for hierarchy "Reg16:RB"
Warning: Using design file registers.bdf, which is not specified as a design file for the current project, but contains definitions for 1 design units and 1 entities in project
    Info: Found entity 1: registers
Info: Elaborating entity "registers" for hierarchy "registers:inst1"
Warning: Using design file const1.tdf, which is not specified as a design file for the current project, but contains definitions for 1 design units and 1 entities in project
    Info: Found entity 1: const1
Info: Elaborating entity "const1" for hierarchy "registers:inst1|const1:ONE"
Info: Elaborating entity "lpm_constant" for hierarchy "registers:inst1|const1:ONE|lpm_constant:lpm_constant_component"
Info: Elaborated megafunction instantiation "registers:inst1|const1:ONE|lpm_constant:lpm_constant_component"
Info: Instantiated megafunction "registers:inst1|const1:ONE|lpm_constant:lpm_constant_component" with the following parameter:
    Info: Parameter "LPM_TYPE" = "LPM_CONSTANT"
    Info: Parameter "LPM_HINT" = "ENABLE_RUNTIME_MOD=NO"
    Info: Parameter "LPM_WIDTH" = "16"
    Info: Parameter "LPM_CVALUE" = "1"
Warning: Using design file mux16.vhd, which is not specified as a design file for the current project, but contains definitions for 2 design units and 1 entities in project
    Info: Found design unit 1: mux16-behavior
    Info: Found entity 1: mux16
Info: Elaborating entity "mux16" for hierarchy "registers:inst1|mux16:inst1"
Warning: Using design file decoder16.vhd, which is not specified as a design file for the current project, but contains definitions for 2 design units and 1 entities in project
    Info: Found design unit 1: decoder16-behavior
    Info: Found entity 1: decoder16
Info: Elaborating entity "decoder16" for hierarchy "registers:inst1|decoder16:inst"
Warning: Using design file constantzero.tdf, which is not specified as a design file for the current project, but contains definitions for 1 design units and 1 entities in project
    Info: Found entity 1: ConstantZero
Info: Elaborating entity "ConstantZero" for hierarchy "registers:inst1|ConstantZero:inst43"
Info: Elaborating entity "lpm_constant" for hierarchy "registers:inst1|ConstantZero:inst43|lpm_constant:lpm_constant_component"
Info: Elaborated megafunction instantiation "registers:inst1|ConstantZero:inst43|lpm_constant:lpm_constant_component"
Info: Instantiated megafunction "registers:inst1|ConstantZero:inst43|lpm_constant:lpm_constant_component" with the following parameter:
    Info: Parameter "LPM_TYPE" = "LPM_CONSTANT"
    Info: Parameter "LPM_HINT" = "ENABLE_RUNTIME_MOD=NO"
    Info: Parameter "LPM_WIDTH" = "16"
    Info: Parameter "LPM_CVALUE" = "0"
Warning: Using design file 3to1_16mux.tdf, which is not specified as a design file for the current project, but contains definitions for 1 design units and 1 entities in project
    Info: Found entity 1: 3to1_16mux
Info: Elaborating entity "3to1_16mux" for hierarchy "3to1_16mux:MUXY"
Info: Elaborating entity "lpm_mux" for hierarchy "3to1_16mux:MUXY|lpm_mux:lpm_mux_component"
Info: Elaborated megafunction instantiation "3to1_16mux:MUXY|lpm_mux:lpm_mux_component"
Info: Instantiated megafunction "3to1_16mux:MUXY|lpm_mux:lpm_mux_component" with the following parameter:
    Info: Parameter "LPM_TYPE" = "LPM_MUX"
    Info: Parameter "LPM_WIDTH" = "16"
    Info: Parameter "LPM_SIZE" = "3"
    Info: Parameter "LPM_WIDTHS" = "2"
Info: Found 1 design units, including 1 entities, in source file db/mux_doc.tdf
    Info: Found entity 1: mux_doc
Info: Elaborating entity "mux_doc" for hierarchy "3to1_16mux:MUXY|lpm_mux:lpm_mux_component|mux_doc:auto_generated"
Warning: Using design file immediate.vhd, which is not specified as a design file for the current project, but contains definitions for 2 design units and 1 entities in project
    Info: Found design unit 1: immediate-arch
    Info: Found entity 1: immediate
Info: Elaborating entity "immediate" for hierarchy "immediate:inst10"
Warning: Design contains 2 input pin(s) that do not drive logic
    Warning (15610): No output dependent on input pin "Reset"
    Warning (15610): No output dependent on input pin "Clock"
Info: Implemented 2 device resources after synthesis - the final resource count might be different
    Info: Implemented 2 input pins
    Info: Implemented 0 output pins
Info: Quartus II Analysis & Synthesis was successful. 0 errors, 28 warnings
    Info: Peak virtual memory: 241 megabytes
    Info: Processing ended: Wed Apr 02 14:33:26 2014
    Info: Elapsed time: 00:00:02
    Info: Total CPU time (on all processors): 00:00:02


