Flow report for ProjectMid
Tue Apr 08 02:14:35 2014
Quartus II Version 8.1 Build 163 10/28/2008 SJ Web Edition


---------------------
; Table of Contents ;
---------------------
  1. Legal Notice
  2. Flow Summary
  3. Flow Settings
  4. Flow Non-Default Global Settings
  5. Flow Elapsed Time
  6. Flow OS Summary
  7. Flow Log



----------------
; Legal Notice ;
----------------
Copyright (C) 1991-2008 Altera Corporation
Your use of Altera Corporation's design tools, logic functions 
and other software and tools, and its AMPP partner logic 
functions, and any output files from any of the foregoing 
(including device programming or simulation files), and any 
associated documentation or information are expressly subject 
to the terms and conditions of the Altera Program License 
Subscription Agreement, Altera MegaCore Function License 
Agreement, or other applicable license agreement, including, 
without limitation, that your use is for the sole purpose of 
programming logic devices manufactured by Altera and sold by 
Altera or its authorized distributors.  Please refer to the 
applicable agreement for further details.



+------------------------------------------------------------------------------+
; Flow Summary                                                                 ;
+------------------------------------+-----------------------------------------+
; Flow Status                        ; Flow Failed - Tue Apr 08 02:14:35 2014  ;
; Quartus II Version                 ; 8.1 Build 163 10/28/2008 SJ Web Edition ;
; Revision Name                      ; ProjectMid                              ;
; Top-level Entity Name              ; ProjectMid                              ;
; Family                             ; Cyclone II                              ;
; Device                             ; EP2C20F484C7                            ;
; Timing Models                      ; Final                                   ;
; Met timing requirements            ; N/A                                     ;
; Total logic elements               ; N/A until Partition Merge               ;
;     Total combinational functions  ; N/A until Partition Merge               ;
;     Dedicated logic registers      ; N/A until Partition Merge               ;
; Total registers                    ; N/A until Partition Merge               ;
; Total pins                         ; N/A until Partition Merge               ;
; Total virtual pins                 ; N/A until Partition Merge               ;
; Total memory bits                  ; N/A until Partition Merge               ;
; Embedded Multiplier 9-bit elements ; N/A until Partition Merge               ;
; Total PLLs                         ; N/A until Partition Merge               ;
+------------------------------------+-----------------------------------------+


+-----------------------------------------+
; Flow Settings                           ;
+-------------------+---------------------+
; Option            ; Setting             ;
+-------------------+---------------------+
; Start date & time ; 04/08/2014 02:14:33 ;
; Main task         ; Compilation         ;
; Revision Name     ; ProjectMid          ;
+-------------------+---------------------+


+-------------------------------------------------------------------------------------------------------------------+
; Flow Non-Default Global Settings                                                                                  ;
+-------------------------------------+------------------------------+---------------+-------------+----------------+
; Assignment Name                     ; Value                        ; Default Value ; Entity Name ; Section Id     ;
+-------------------------------------+------------------------------+---------------+-------------+----------------+
; COMPILER_SIGNATURE_ID               ; 121370164674.139694127302520 ; --            ; --          ; --             ;
; EDA_OUTPUT_DATA_FORMAT              ; Vhdl                         ; --            ; --          ; eda_simulation ;
; EDA_SIMULATION_RUN_SCRIPT           ; ProjectMid.do                ; --            ; --          ; eda_simulation ;
; EDA_SIMULATION_TOOL                 ; ModelSim-Altera (VHDL)       ; <None>        ; --          ; --             ;
; EDA_TEST_BENCH_ENABLE_STATUS        ; COMMAND_MACRO_MODE           ; --            ; --          ; eda_simulation ;
; IP_TOOL_NAME                        ; LPM_CONSTANT                 ; --            ; --          ; --             ;
; IP_TOOL_NAME                        ; LPM_MUX                      ; --            ; --          ; --             ;
; IP_TOOL_VERSION                     ; 9.1                          ; --            ; --          ; --             ;
; IP_TOOL_VERSION                     ; 9.1                          ; --            ; --          ; --             ;
; MAX_CORE_JUNCTION_TEMP              ; 85                           ; --            ; --          ; --             ;
; MIN_CORE_JUNCTION_TEMP              ; 0                            ; --            ; --          ; --             ;
; MISC_FILE                           ; constant4_16bits.tdf         ; --            ; --          ; --             ;
; MISC_FILE                           ; constant4_16bits.bsf         ; --            ; --          ; --             ;
; MISC_FILE                           ; constant4_16bits.inc         ; --            ; --          ; --             ;
; MISC_FILE                           ; CMUX.tdf                     ; --            ; --          ; --             ;
; MISC_FILE                           ; CMUX.bsf                     ; --            ; --          ; --             ;
; MISC_FILE                           ; CMUX.inc                     ; --            ; --          ; --             ;
; PARTITION_COLOR                     ; 16764057                     ; --            ; --          ; Top            ;
; PARTITION_FITTER_PRESERVATION_LEVEL ; PLACEMENT_AND_ROUTING        ; --            ; --          ; Top            ;
; PARTITION_NETLIST_TYPE              ; SOURCE                       ; --            ; --          ; Top            ;
; SYNTH_TIMING_DRIVEN_SYNTHESIS       ; Off                          ; On            ; --          ; --             ;
; USE_GENERATED_PHYSICAL_CONSTRAINTS  ; Off                          ; --            ; --          ; eda_blast_fpga ;
+-------------------------------------+------------------------------+---------------+-------------+----------------+


+--------------------------------------------------------------------------------------------------------------------------+
; Flow Elapsed Time                                                                                                        ;
+----------------------+--------------+-------------------------+---------------------+------------------------------------+
; Module Name          ; Elapsed Time ; Average Processors Used ; Peak Virtual Memory ; Total CPU Time (on all processors) ;
+----------------------+--------------+-------------------------+---------------------+------------------------------------+
; Analysis & Synthesis ; 00:00:03     ; 1.0                     ; 224 MB              ; 00:00:02                           ;
; Total                ; 00:00:03     ; --                      ; --                  ; 00:00:02                           ;
+----------------------+--------------+-------------------------+---------------------+------------------------------------+


+---------------------------------------------------------------------------------------+
; Flow OS Summary                                                                       ;
+----------------------+------------------+---------------+------------+----------------+
; Module Name          ; Machine Hostname ; OS Name       ; OS Version ; Processor type ;
+----------------------+------------------+---------------+------------+----------------+
; Analysis & Synthesis ; CHEDDABISKI1C5F  ; Windows Vista ; 6.2        ; i686           ;
+----------------------+------------------+---------------+------------+----------------+


------------
; Flow Log ;
------------
quartus_map --read_settings_files=on --write_settings_files=off ProjectMid -c ProjectMid



